[debug] [2023-03-06T23:55:29.193Z] ----------------------------------------------------------------------
[debug] [2023-03-06T23:55:29.197Z] Command:       C:\Program Files (x86)\nodejs\node.exe C:\Users\vieir\AppData\Roaming\npm\node_modules\firebase-tools\lib\bin\firebase.js init hosting
[debug] [2023-03-06T23:55:29.198Z] CLI Version:   11.24.0
[debug] [2023-03-06T23:55:29.198Z] Platform:      win32
[debug] [2023-03-06T23:55:29.199Z] Node Version:  v18.14.2
[debug] [2023-03-06T23:55:29.200Z] Time:          Mon Mar 06 2023 20:55:29 GMT-0300 (Horário Padrão de Brasília)
[debug] [2023-03-06T23:55:29.201Z] ----------------------------------------------------------------------
[debug] 
[debug] [2023-03-06T23:55:29.369Z] > command requires scopes: ["email","openid","https://www.googleapis.com/auth/cloudplatformprojects.readonly","https://www.googleapis.com/auth/firebase","https://www.googleapis.com/auth/cloud-platform"]
[debug] [2023-03-06T23:55:29.370Z] > authorizing via signed-in user (vieirajjr@gmail.com)
[info] 
     ######## #### ########  ######## ########     ###     ######  ########
     ##        ##  ##     ## ##       ##     ##  ##   ##  ##       ##
     ######    ##  ########  ######   ########  #########  ######  ######
     ##        ##  ##    ##  ##       ##     ## ##     ##       ## ##
     ##       #### ##     ## ######## ########  ##     ##  ######  ########

You're about to initialize a Firebase project in this directory:

  C:\Users\vieir\OneDrive\Documentos\REACTJS PAULO\ReactJSplataform-Pricipal - Copy (2)

Before we get started, keep in mind:

  * You are initializing within an existing Firebase project directory

[info] 
=== Project Setup
[info] 
[info] First, let's associate this project directory with a Firebase project.
[info] You can create multiple project aliases by running firebase use --add, 
[info] but for now we'll just set up a default project.
[info] 
[debug] [2023-03-06T23:55:35.876Z] Using project from CLI flag: drinks-bis
[debug] [2023-03-06T23:55:35.881Z] >>> [apiv2][query] GET https://firebase.googleapis.com/v1beta1/projects/drinks-bis [none]
[debug] [2023-03-06T23:55:36.539Z] <<< [apiv2][status] GET https://firebase.googleapis.com/v1beta1/projects/drinks-bis 200
[debug] [2023-03-06T23:55:36.539Z] <<< [apiv2][body] GET https://firebase.googleapis.com/v1beta1/projects/drinks-bis {"projectId":"drinks-bis","projectNumber":"510935611385","displayName":"drinks-bis","name":"projects/drinks-bis","resources":{"hostingSite":"drinks-bis","realtimeDatabaseInstance":"drinks-bis-default-rtdb"},"state":"ACTIVE","etag":"1_40c65b33-c054-4832-87b2-fd7cfd19b50d"}
[info] i  Using project drinks-bis (drinks-bis) 
[info] 
=== Hosting Setup
[info] 
[info] Your public directory is the folder (relative to your project directory) that
[info] will contain Hosting assets to be uploaded with firebase deploy. If you
[info] have a build process for your assets, use your build's output directory.
[info] 
[debug] [2023-03-06T23:55:51.529Z] >>> [apiv2][query] GET https://www.gstatic.com/firebasejs/releases.json [none]
[debug] [2023-03-06T23:55:51.849Z] <<< [apiv2][status] GET https://www.gstatic.com/firebasejs/releases.json 200
[debug] [2023-03-06T23:55:51.849Z] <<< [apiv2][body] GET https://www.gstatic.com/firebasejs/releases.json {"current":{"version":"9.17.2","browserURL":"https://www.gstatic.com/firebasejs/9.17.2/firebase.js","packageURL":"https://www.gstatic.com/firebasejs/9.17.2/firebase.tgz"},"live":{"version":"9.17","browserURL":"https://www.gstatic.com/firebasejs/live/9.17/firebase.js","packageURL":"https://www.gstatic.com/firebasejs/live/9.17/firebase.tgz"},"components":{"analytics":"https://www.gstatic.com/firebasejs/9.17.2/firebase-analytics.js","app":"https://www.gstatic.com/firebasejs/9.17.2/firebase-app.js","app-check":"https://www.gstatic.com/firebasejs/9.17.2/firebase-app-check.js","auth":"https://www.gstatic.com/firebasejs/9.17.2/firebase-auth.js","auth/cordova":"https://www.gstatic.com/firebasejs/9.17.2/firebase-auth/cordova.js","auth/react-native":"https://www.gstatic.com/firebasejs/9.17.2/firebase-auth/react-native.js","functions":"https://www.gstatic.com/firebasejs/9.17.2/firebase-functions.js","firestore":"https://www.gstatic.com/firebasejs/9.17.2/firebase-firestore.js","firestore/lite":"https://www.gstatic.com/firebasejs/9.17.2/firebase-firestore/lite.js","installations":"https://www.gstatic.com/firebasejs/9.17.2/firebase-installations.js","storage":"https://www.gstatic.com/firebasejs/9.17.2/firebase-storage.js","performance":"https://www.gstatic.com/firebasejs/9.17.2/firebase-performance.js","remote-config":"https://www.gstatic.com/firebasejs/9.17.2/firebase-remote-config.js","messaging":"https://www.gstatic.com/firebasejs/9.17.2/firebase-messaging.js","messaging/sw":"https://www.gstatic.com/firebasejs/9.17.2/firebase-messaging/sw.js","database":"https://www.gstatic.com/firebasejs/9.17.2/firebase-database.js","firestore.memory":"https://www.gstatic.com/firebasejs/9.17.2/firebase-firestore.memory.js"}}
[info] +  Wrote public/index.html 
[info] 
[info] i  Detected a .git folder at C:\Users\vieir\OneDrive\Documentos\REACTJS PAULO\ReactJSplataform-Pricipal - Copy (2) 
[info] i  Authorizing with GitHub to upload your service account to a GitHub repository's secrets store. 
[info] 
[info] Visit this URL on this device to log in:
[info] https://github.com/login/oauth/authorize?client_id=89cf50f02ac6aaed3484&state=940640577&redirect_uri=http%3A%2F%2Flocalhost%3A9005&scope=read%3Auser%20repo%20public_repo
[info] 
[info] Waiting for authentication...
[debug] [2023-03-06T23:56:02.141Z] >>> [apiv2][query] POST https://github.com/login/oauth/access_token [none]
[debug] [2023-03-06T23:56:02.142Z] >>> [apiv2][body] POST https://github.com/login/oauth/access_token [stream]
[debug] [2023-03-06T23:56:02.751Z] <<< [apiv2][status] POST https://github.com/login/oauth/access_token 200
[debug] [2023-03-06T23:56:02.751Z] <<< [apiv2][body] POST https://github.com/login/oauth/access_token {"access_token":"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","token_type":"bearer","scope":"read:user,repo"}
[debug] [2023-03-06T23:56:02.829Z] >>> [apiv2][query] GET https://api.github.com/user [none]
[debug] [2023-03-06T23:56:03.335Z] <<< [apiv2][status] GET https://api.github.com/user 200
[debug] [2023-03-06T23:56:03.335Z] <<< [apiv2][body] GET https://api.github.com/user {"login":"PauloVieirra","id":60224605,"node_id":"MDQ6VXNlcjYwMjI0NjA1","avatar_url":"https://avatars.githubusercontent.com/u/60224605?v=4","gravatar_id":"","url":"https://api.github.com/users/PauloVieirra","html_url":"https://github.com/PauloVieirra","followers_url":"https://api.github.com/users/PauloVieirra/followers","following_url":"https://api.github.com/users/PauloVieirra/following{/other_user}","gists_url":"https://api.github.com/users/PauloVieirra/gists{/gist_id}","starred_url":"https://api.github.com/users/PauloVieirra/starred{/owner}{/repo}","subscriptions_url":"https://api.github.com/users/PauloVieirra/subscriptions","organizations_url":"https://api.github.com/users/PauloVieirra/orgs","repos_url":"https://api.github.com/users/PauloVieirra/repos","events_url":"https://api.github.com/users/PauloVieirra/events{/privacy}","received_events_url":"https://api.github.com/users/PauloVieirra/received_events","type":"User","site_admin":false,"name":"PauloVieira","company":null,"blog":"","location":null,"email":null,"hireable":null,"bio":null,"twitter_username":null,"public_repos":16,"public_gists":0,"followers":2,"following":9,"created_at":"2020-01-23T14:08:32Z","updated_at":"2023-02-28T14:00:01Z","private_gists":0,"total_private_repos":2,"owned_private_repos":2,"disk_usage":177515,"collaborators":1,"two_factor_authentication":false,"plan":{"name":"free","space":976562499,"collaborators":0,"private_repos":10000}}
[info] 
[info] +  Success! Logged into GitHub as PauloVieirra 
[info] 
